  main.cpp
E:\HOMEWORK\biola homework coding\spring 2020\Top Down attempt 1 - Copy\Top Down attempt 1 - Copy\Top Down attempt 1\main.cpp(59,12): warning C4244: 'argument': conversion from 'time_t' to 'unsigned int', possible loss of data
E:\HOMEWORK\biola homework coding\spring 2020\Top Down attempt 1 - Copy\Top Down attempt 1 - Copy\Top Down attempt 1\main.cpp(224,93): warning C4244: 'argument': conversion from 'T' to 'float', possible loss of data
          with
          [
              T=int
          ]
E:\HOMEWORK\biola homework coding\spring 2020\Top Down attempt 1 - Copy\Top Down attempt 1 - Copy\Top Down attempt 1\main.cpp(224,59): warning C4244: 'argument': conversion from 'T' to 'float', possible loss of data
          with
          [
              T=int
          ]
E:\HOMEWORK\biola homework coding\spring 2020\Top Down attempt 1 - Copy\Top Down attempt 1 - Copy\Top Down attempt 1\main.cpp(269,67): warning C4244: 'argument': conversion from 'T' to 'T', possible loss of data
          with
          [
              T=unsigned int
          ]
          and
          [
              T=float
          ]
E:\HOMEWORK\biola homework coding\spring 2020\Top Down attempt 1 - Copy\Top Down attempt 1 - Copy\Top Down attempt 1\main.cpp(269,38): warning C4244: 'argument': conversion from 'T' to 'T', possible loss of data
          with
          [
              T=unsigned int
          ]
          and
          [
              T=float
          ]
  Generating code
  1 of 347 functions ( 0.3%) were compiled, the rest were copied from previous compilation.
    0 functions were new in current compilation
    0 functions had inline decision re-evaluated but remain unchanged
  Finished generating code
  Top Down attempt 1.vcxproj -> E:\HOMEWORK\biola homework coding\spring 2020\Top Down attempt 1 - Copy\Top Down attempt 1 - Copy\Release\Top Down attempt 1.exe
